0	1	mikroCARM.exe -MSF -DBG -pSTM32F407VG -LHF -C -Y -DL -O11111104 -fo120 -N"C:\Users\tasha\Desktop\UART receive debug\MyProject.mcpar" -SP"C:\Users\Public\Documents\Mikroelektronika\mikroC PRO for ARM\Defs\" -SP"C:\Users\Public\Documents\Mikroelektronika\mikroC PRO for ARM\Uses\" -SP"C:\Users\tasha\Desktop\UART receive debug\" -SP"C:\Users\Public\Documents\Mikroelektronika\mikroC PRO for ARM\Uses\ST M4\" -IP"C:\Users\tasha\Desktop\UART receive debug\" "main.c" "temperature.c" "lcd.c" "uart.c" "timer.c" "bme280.c" "ultrasonic.c" "humidity.c" "__Lib_Math.emcl" "__Lib_MathDouble.emcl" "__Lib_Delays.emcl" "__Lib_System_4XX.emcl" "__Lib_GPIO_32F4xx_Defs.emcl" "__Lib_GPIO_32F4xx.emcl" "__Lib_CString.emcl" "__Lib_Conversions.emcl" "__Lib_I2C_123.emcl" "__Lib_UART_123_45_6.emcl" "__Lib_LcdConsts.emcl" "__Lib_Lcd.emcl"	 
diagnostics: 0	122	Compilation Started	stdint.h
hint: 0	1004	interrupt handler (interRTC at 0x0013)	main.c
diagnostics: 68	123	Compiled Successfully	main.c
diagnostics: 0	122	Compilation Started	stdint.h
diagnostics: 135	123	Compiled Successfully	temperature.c
hint: 10	1164	Variable 'mix' has been eliminated by optimizer	temperature.c
hint: 82	1164	Variable 'b' has been eliminated by optimizer	temperature.c
hint: 91	1164	Variable 'b' has been eliminated by optimizer	temperature.c
hint: 103	1164	Variable 'tempF' has been eliminated by optimizer	temperature.c
hint: 105	1164	Variable 'test' has been eliminated by optimizer	temperature.c
hint: 105	1164	Variable 'res' has been eliminated by optimizer	temperature.c
diagnostics: 0	122	Compilation Started	stdint.h
diagnostics: 35	123	Compiled Successfully	lcd.c
diagnostics: 0	122	Compilation Started	stdint.h
hint: 0	1004	interrupt handler (interruptUART at 0x0036)	uart.c
hint: 98	1163	Variable 'current' has been declared, but not used	uart.c
warning: 150	1503	Result is not defined in function: 'getReceiveTxt'	uart.c
diagnostics: 269	123	Compiled Successfully	uart.c
diagnostics: 0	122	Compilation Started	stdint.h
hint: 0	1004	interrupt handler (Timer2_interrupt at 0x002C)	timer.c
hint: 0	1004	interrupt handler (Timer3_interrupt at 0x002D)	timer.c
diagnostics: 92	123	Compiled Successfully	timer.c
diagnostics: 0	122	Compilation Started	stdint.h
hint: 62	1163	Variable 'output' has been declared, but not used	bme280.c
hint: 90	1163	Variable 'out' has been declared, but not used	bme280.c
hint: 91	1163	Variable 'conv' has been declared, but not used	bme280.c
hint: 102	1163	Variable 'conv' has been declared, but not used	bme280.c
hint: 147	1163	Variable 'ret' has been declared, but not used	bme280.c
diagnostics: 160	123	Compiled Successfully	bme280.c
hint: 89	1164	Variable 'var1' has been eliminated by optimizer	bme280.c
hint: 89	1164	Variable 'var2' has been eliminated by optimizer	bme280.c
hint: 89	1164	Variable 'T' has been eliminated by optimizer	bme280.c
hint: 103	1164	Variable 'output' has been eliminated by optimizer	bme280.c
hint: 145	1164	Variable 'output' has been eliminated by optimizer	bme280.c
diagnostics: 0	122	Compilation Started	ultrasonic.h
hint: 13	1163	Variable 'echoValue' has been declared, but not used	ultrasonic.c
diagnostics: 33	123	Compiled Successfully	ultrasonic.c
hint: 14	1164	Variable 'distance' has been eliminated by optimizer	ultrasonic.c
diagnostics: 0	122	Compilation Started	stdint.h
diagnostics: 53	123	Compiled Successfully	humidity.c
hint: 8	1164	Variable 'result' has been eliminated by optimizer	humidity.c
diagnostics: 0	127	All files Compiled in 516 ms	 
hint: 0	1144	Used RX: 16 (100%)   Free RX: 0 (0%)	Used RX: 16 (100%)   Free RX: 0 (0%)
hint: 0	1144	Static RAM (bytes): 2360   Dynamic RAM (bytes): 128709	Static RAM (bytes): 2360   Dynamic RAM (bytes): 128709
hint: 0	1144	Used ROM (bytes): 8268 (1%)  Free ROM (bytes): 1040308 (99%)	Used ROM (bytes): 8268 (1%)  Free ROM (bytes): 1040308 (99%)
diagnostics: 0	125	Project Linked Successfully	MyProject.mcpar
diagnostics: 0	128	Linked in 1078 ms	 
diagnostics: 0	129	Project 'MyProject.mcpar' completed: 1922 ms	 
diagnostics: 0	103	Finished successfully: 21 Jul 2017, 16:39:08	MyProject.mcpar
