0	1	mikroCARM.exe -MSF -DBG -pSTM32F407VG -BIN -LHF -DL -SSA -O11111114 -fo120 -N"C:\Users\tasha\Desktop\projPrekidi\MyProject.mcpar" -SP"C:\Users\Public\Documents\Mikroelektronika\mikroC PRO for ARM\Defs\" -SP"C:\Users\Public\Documents\Mikroelektronika\mikroC PRO for ARM\Uses\" -SP"C:\Users\tasha\Desktop\projPrekidi\" -SP"C:\Users\tasha\Desktop\temperatura prekidi\" -SP"C:\Users\tasha\Desktop\New folder\" -SP"C:\Users\Public\Documents\Mikroelektronika\mikroC PRO for ARM\Uses\ST M4\" -SP"C:\Users\tasha\Desktop\projPrekidi\" -SP"C:\Users\tasha\Desktop\projPrekidi\" -SP"C:\Users\tasha\Desktop\projPrekidi\" -IP"C:\Users\tasha\Desktop\temperatura prekidi\" -IP"C:\Users\tasha\Desktop\projPrekidi\" "main.c" "OneWireTempHUm.c" "lcd.c" "uart.c" "timer.c" "__Lib_Math.emcl" "__Lib_MathDouble.emcl" "__Lib_Delays.emcl" "__Lib_System_4XX.emcl" "__Lib_GPIO_32F4xx_Defs.emcl" "__Lib_GPIO_32F4xx.emcl" "__Lib_CString.emcl" "__Lib_Conversions.emcl" "__Lib_UART_123_45_6.emcl" "__Lib_LcdConsts.emcl" "__Lib_Lcd.emcl"	 
warning: 0	1501	Specified search path does not exist: 'C:\Users\tasha\Desktop\temperatura prekidi'	 
warning: 0	1501	Specified search path does not exist: 'C:\Users\tasha\Desktop\New folder'	 
warning: 0	1502	Specified include path does not exist: 'C:\Users\tasha\Desktop\temperatura prekidi'	 
diagnostics: 0	122	Compilation Started	stdint.h
diagnostics: 35	123	Compiled Successfully	main.c
diagnostics: 0	122	Compilation Started	stdint.h
diagnostics: 153	123	Compiled Successfully	OneWireTempHUm.c
hint: 63	1164	Variable 'b' has been eliminated by optimizer	OneWireTempHUm.c
hint: 72	1164	Variable 'b' has been eliminated by optimizer	OneWireTempHUm.c
hint: 84	1164	Variable 'tempF' has been eliminated by optimizer	OneWireTempHUm.c
hint: 86	1164	Variable 'test' has been eliminated by optimizer	OneWireTempHUm.c
hint: 110	1164	Variable 'result' has been eliminated by optimizer	OneWireTempHUm.c
diagnostics: 0	122	Compilation Started	stdint.h
diagnostics: 37	123	Compiled Successfully	lcd.c
diagnostics: 0	122	Compilation Started	stdint.h
hint: 0	1004	interrupt handler (interruptUART at 0x0036)	uart.c
diagnostics: 241	123	Compiled Successfully	uart.c
hint: 154	1164	Variable 'reg' has been eliminated by optimizer	uart.c
diagnostics: 0	122	Compilation Started	stdint.h
hint: 0	1004	interrupt handler (Timer2_interrupt at 0x002C)	timer.c
hint: 0	1004	interrupt handler (Timer3_interrupt at 0x002D)	timer.c
diagnostics: 53	123	Compiled Successfully	timer.c
diagnostics: 0	127	All files Compiled in 954 ms	 
hint: 0	1144	Used RX: 16 (100%)   Free RX: 0 (0%)	Used RX: 16 (100%)   Free RX: 0 (0%)
hint: 0	1144	Static RAM (bytes): 3262   Dynamic RAM (bytes): 127805	Static RAM (bytes): 3262   Dynamic RAM (bytes): 127805
hint: 0	1144	Used ROM (bytes): 6265 (1%)  Free ROM (bytes): 1042311 (99%)	Used ROM (bytes): 6265 (1%)  Free ROM (bytes): 1042311 (99%)
diagnostics: 0	125	Project Linked Successfully	MyProject.mcpar
diagnostics: 0	128	Linked in 890 ms	 
diagnostics: 0	129	Project 'MyProject.mcpar' completed: 2469 ms	 
diagnostics: 0	103	Finished successfully: 11 Jul 2017, 12:49:04	MyProject.mcpar
